2025-09-10 21:11:27,692 - werkzeug - INFO - [31m[1mWARNING: This is a development server. Do not use it in a production deployment. Use a production WSGI server instead.[0m
 * Running on http://127.0.0.1:5000
2025-09-10 21:11:27,692 - werkzeug - INFO - [33mPress CTRL+C to quit[0m
2025-09-10 21:11:27,695 - werkzeug - INFO -  * Restarting with stat
2025-09-10 21:11:28,551 - werkzeug - WARNING -  * Debugger is active!
2025-09-10 21:11:28,555 - werkzeug - INFO -  * Debugger PIN: 111-960-830
2025-09-10 21:11:36,176 - werkzeug - INFO - 127.0.0.1 - - [10/Sep/2025 21:11:36] "OPTIONS /api/v1/auth/role-based-login HTTP/1.1" 200 -
2025-09-10 21:11:36,787 - werkzeug - INFO - 127.0.0.1 - - [10/Sep/2025 21:11:36] "[31m[1mPOST /api/v1/auth/role-based-login HTTP/1.1[0m" 400 -
2025-09-10 21:11:49,619 - werkzeug - INFO - 127.0.0.1 - - [10/Sep/2025 21:11:49] "OPTIONS /api/v1/auth/role-based-login HTTP/1.1" 200 -
2025-09-10 21:11:49,916 - werkzeug - INFO - 127.0.0.1 - - [10/Sep/2025 21:11:49] "[31m[1mPOST /api/v1/auth/role-based-login HTTP/1.1[0m" 400 -
2025-09-10 21:12:12,235 - werkzeug - INFO -  * Detected change in 'D:\\code\\src\\Nuoc_HP\\flask_mongo_rest\\app\\api\\auth\\routes.py', reloading
2025-09-10 21:12:12,337 - werkzeug - INFO -  * Restarting with stat
2025-09-10 21:12:13,297 - werkzeug - WARNING -  * Debugger is active!
2025-09-10 21:12:13,301 - werkzeug - INFO -  * Debugger PIN: 111-960-830
2025-09-10 21:12:16,587 - werkzeug - INFO -  * Detected change in 'D:\\code\\src\\Nuoc_HP\\flask_mongo_rest\\app\\api\\auth\\routes.py', reloading
2025-09-10 21:12:16,715 - werkzeug - INFO -  * Restarting with stat
2025-09-10 21:12:17,552 - werkzeug - WARNING -  * Debugger is active!
2025-09-10 21:12:17,555 - werkzeug - INFO -  * Debugger PIN: 111-960-830
2025-09-10 21:12:23,962 - werkzeug - INFO -  * Detected change in 'D:\\code\\src\\Nuoc_HP\\flask_mongo_rest\\app\\api\\auth\\routes.py', reloading
2025-09-10 21:12:24,064 - werkzeug - INFO -  * Restarting with stat
2025-09-10 21:12:25,008 - werkzeug - WARNING -  * Debugger is active!
2025-09-10 21:12:25,012 - werkzeug - INFO -  * Debugger PIN: 111-960-830
2025-09-10 21:12:28,282 - werkzeug - INFO -  * Detected change in 'D:\\code\\src\\Nuoc_HP\\flask_mongo_rest\\app\\api\\auth\\routes.py', reloading
2025-09-10 21:12:28,382 - werkzeug - INFO -  * Restarting with stat
2025-09-10 21:12:29,238 - werkzeug - WARNING -  * Debugger is active!
2025-09-10 21:12:29,242 - werkzeug - INFO -  * Debugger PIN: 111-960-830
2025-09-10 21:12:33,583 - werkzeug - INFO -  * Detected change in 'D:\\code\\src\\Nuoc_HP\\flask_mongo_rest\\app\\api\\auth\\routes.py', reloading
2025-09-10 21:12:33,679 - werkzeug - INFO -  * Restarting with stat
2025-09-10 21:12:34,536 - werkzeug - WARNING -  * Debugger is active!
2025-09-10 21:12:34,539 - werkzeug - INFO -  * Debugger PIN: 111-960-830
2025-09-10 21:12:37,791 - werkzeug - INFO -  * Detected change in 'D:\\code\\src\\Nuoc_HP\\flask_mongo_rest\\app\\api\\users\\routes.py', reloading
2025-09-10 21:12:37,934 - werkzeug - INFO -  * Restarting with stat
2025-09-10 21:12:38,830 - werkzeug - WARNING -  * Debugger is active!
2025-09-10 21:12:38,833 - werkzeug - INFO -  * Debugger PIN: 111-960-830
2025-09-10 21:12:43,180 - werkzeug - INFO -  * Detected change in 'D:\\code\\src\\Nuoc_HP\\flask_mongo_rest\\app\\api\\users\\routes.py', reloading
2025-09-10 21:12:43,278 - werkzeug - INFO -  * Restarting with stat
2025-09-10 21:12:44,184 - werkzeug - WARNING -  * Debugger is active!
2025-09-10 21:12:44,187 - werkzeug - INFO -  * Debugger PIN: 111-960-830
2025-09-10 21:12:47,454 - werkzeug - INFO -  * Detected change in 'D:\\code\\src\\Nuoc_HP\\flask_mongo_rest\\app\\api\\users\\routes.py', reloading
2025-09-10 21:12:47,562 - werkzeug - INFO -  * Restarting with stat
2025-09-10 21:12:48,371 - werkzeug - WARNING -  * Debugger is active!
2025-09-10 21:12:48,376 - werkzeug - INFO -  * Debugger PIN: 111-960-830
2025-09-10 21:12:52,771 - werkzeug - INFO -  * Detected change in 'D:\\code\\src\\Nuoc_HP\\flask_mongo_rest\\app\\api\\users\\routes.py', reloading
2025-09-10 21:12:52,874 - werkzeug - INFO -  * Restarting with stat
2025-09-10 21:12:53,739 - werkzeug - WARNING -  * Debugger is active!
2025-09-10 21:12:53,744 - werkzeug - INFO -  * Debugger PIN: 111-960-830
2025-09-10 21:12:58,047 - werkzeug - INFO -  * Detected change in 'D:\\code\\src\\Nuoc_HP\\flask_mongo_rest\\app\\api\\users\\routes.py', reloading
2025-09-10 21:12:58,147 - werkzeug - INFO -  * Restarting with stat
2025-09-10 21:12:59,057 - werkzeug - WARNING -  * Debugger is active!
2025-09-10 21:12:59,062 - werkzeug - INFO -  * Debugger PIN: 111-960-830
2025-09-10 21:13:02,308 - werkzeug - INFO -  * Detected change in 'D:\\code\\src\\Nuoc_HP\\flask_mongo_rest\\app\\api\\users\\routes.py', reloading
2025-09-10 21:13:02,411 - werkzeug - INFO -  * Restarting with stat
